<?xml version="1.0" encoding="UTF-8"?>
<!-- Generated by org.testng.reporters.JUnitReportReporter -->
<testsuite skipped="0" hostname="RITESH-PC" name="com.tests.CalTest" tests="3" failures="0" timestamp="2020-05-23T22:50:36 IST" time="11.541" errors="0">
  <testcase name="sumTest" time="5.803" classname="com.tests.CalTest"/>
  <testcase name="subTest" time="2.807" classname="com.tests.CalTest"/>
  <testcase name="divTest" time="2.931" classname="com.tests.CalTest"/>
</testsuite> <!-- com.tests.CalTest -->
